C:\Program Files\Microsoft Visual Studio\18\Community\MSBuild\Microsoft\VC\v170\Microsoft.CppBuild.targets(538,5): warning MSB8028: The intermediate directory (..\..\__obj\) contains files shared from another project (Texture.vcxproj).  This can lead to incorrect clean and rebuild behavior.
  mainMenu.cpp
C:\Program Files\Microsoft Visual Studio\18\Community\VC\Tools\MSVC\14.44.35207\include\compare(12): warning STL4038: The contents of <compare> are available only with C++20 or later.
C:\Users\guipp\OneDrive\Área de Trabalho\cg\Demos\trabalhos\trabalho_1\CanvasGlut\mainMenu.cpp(27,35): warning C4305: 'initializing': truncation from 'double' to '_Ty'
C:\Users\guipp\OneDrive\Área de Trabalho\cg\Demos\trabalhos\trabalho_1\CanvasGlut\mainMenu.cpp(27,35): warning C4305:         with
C:\Users\guipp\OneDrive\Área de Trabalho\cg\Demos\trabalhos\trabalho_1\CanvasGlut\mainMenu.cpp(27,35): warning C4305:         [
C:\Users\guipp\OneDrive\Área de Trabalho\cg\Demos\trabalhos\trabalho_1\CanvasGlut\mainMenu.cpp(27,35): warning C4305:             _Ty=float
C:\Users\guipp\OneDrive\Área de Trabalho\cg\Demos\trabalhos\trabalho_1\CanvasGlut\mainMenu.cpp(27,35): warning C4305:         ]
C:\Users\guipp\OneDrive\Área de Trabalho\cg\Demos\trabalhos\trabalho_1\CanvasGlut\mainMenu.cpp(27,42): warning C4305: 'initializing': truncation from 'double' to '_Ty'
C:\Users\guipp\OneDrive\Área de Trabalho\cg\Demos\trabalhos\trabalho_1\CanvasGlut\mainMenu.cpp(27,42): warning C4305:         with
C:\Users\guipp\OneDrive\Área de Trabalho\cg\Demos\trabalhos\trabalho_1\CanvasGlut\mainMenu.cpp(27,42): warning C4305:         [
C:\Users\guipp\OneDrive\Área de Trabalho\cg\Demos\trabalhos\trabalho_1\CanvasGlut\mainMenu.cpp(27,42): warning C4305:             _Ty=float
C:\Users\guipp\OneDrive\Área de Trabalho\cg\Demos\trabalhos\trabalho_1\CanvasGlut\mainMenu.cpp(27,42): warning C4305:         ]
C:\Users\guipp\OneDrive\Área de Trabalho\cg\Demos\trabalhos\trabalho_1\CanvasGlut\mainMenu.cpp(27,49): warning C4305: 'initializing': truncation from 'double' to '_Ty'
C:\Users\guipp\OneDrive\Área de Trabalho\cg\Demos\trabalhos\trabalho_1\CanvasGlut\mainMenu.cpp(27,49): warning C4305:         with
C:\Users\guipp\OneDrive\Área de Trabalho\cg\Demos\trabalhos\trabalho_1\CanvasGlut\mainMenu.cpp(27,49): warning C4305:         [
C:\Users\guipp\OneDrive\Área de Trabalho\cg\Demos\trabalhos\trabalho_1\CanvasGlut\mainMenu.cpp(27,49): warning C4305:             _Ty=float
C:\Users\guipp\OneDrive\Área de Trabalho\cg\Demos\trabalhos\trabalho_1\CanvasGlut\mainMenu.cpp(27,49): warning C4305:         ]
C:\Users\guipp\OneDrive\Área de Trabalho\cg\Demos\trabalhos\trabalho_1\CanvasGlut\mainMenu.cpp(27,26): warning C4244: 'argument': conversion from 'int' to 'float', possible loss of data
C:\Users\guipp\OneDrive\Área de Trabalho\cg\Demos\trabalhos\trabalho_1\CanvasGlut\mainMenu.cpp(27,18): warning C4244: 'argument': conversion from 'int' to 'float', possible loss of data
C:\Users\guipp\OneDrive\Área de Trabalho\cg\Demos\trabalhos\trabalho_1\CanvasGlut\mainMenu.cpp(30,56): warning C4305: 'initializing': truncation from 'double' to '_Ty'
C:\Users\guipp\OneDrive\Área de Trabalho\cg\Demos\trabalhos\trabalho_1\CanvasGlut\mainMenu.cpp(30,56): warning C4305:         with
C:\Users\guipp\OneDrive\Área de Trabalho\cg\Demos\trabalhos\trabalho_1\CanvasGlut\mainMenu.cpp(30,56): warning C4305:         [
C:\Users\guipp\OneDrive\Área de Trabalho\cg\Demos\trabalhos\trabalho_1\CanvasGlut\mainMenu.cpp(30,56): warning C4305:             _Ty=float
C:\Users\guipp\OneDrive\Área de Trabalho\cg\Demos\trabalhos\trabalho_1\CanvasGlut\mainMenu.cpp(30,56): warning C4305:         ]
C:\Users\guipp\OneDrive\Área de Trabalho\cg\Demos\trabalhos\trabalho_1\CanvasGlut\mainMenu.cpp(30,63): warning C4305: 'initializing': truncation from 'double' to '_Ty'
C:\Users\guipp\OneDrive\Área de Trabalho\cg\Demos\trabalhos\trabalho_1\CanvasGlut\mainMenu.cpp(30,63): warning C4305:         with
C:\Users\guipp\OneDrive\Área de Trabalho\cg\Demos\trabalhos\trabalho_1\CanvasGlut\mainMenu.cpp(30,63): warning C4305:         [
C:\Users\guipp\OneDrive\Área de Trabalho\cg\Demos\trabalhos\trabalho_1\CanvasGlut\mainMenu.cpp(30,63): warning C4305:             _Ty=float
C:\Users\guipp\OneDrive\Área de Trabalho\cg\Demos\trabalhos\trabalho_1\CanvasGlut\mainMenu.cpp(30,63): warning C4305:         ]
C:\Users\guipp\OneDrive\Área de Trabalho\cg\Demos\trabalhos\trabalho_1\CanvasGlut\mainMenu.cpp(30,70): warning C4305: 'initializing': truncation from 'double' to '_Ty'
C:\Users\guipp\OneDrive\Área de Trabalho\cg\Demos\trabalhos\trabalho_1\CanvasGlut\mainMenu.cpp(30,70): warning C4305:         with
C:\Users\guipp\OneDrive\Área de Trabalho\cg\Demos\trabalhos\trabalho_1\CanvasGlut\mainMenu.cpp(30,70): warning C4305:         [
C:\Users\guipp\OneDrive\Área de Trabalho\cg\Demos\trabalhos\trabalho_1\CanvasGlut\mainMenu.cpp(30,70): warning C4305:             _Ty=float
C:\Users\guipp\OneDrive\Área de Trabalho\cg\Demos\trabalhos\trabalho_1\CanvasGlut\mainMenu.cpp(30,70): warning C4305:         ]
C:\Users\guipp\OneDrive\Área de Trabalho\cg\Demos\trabalhos\trabalho_1\CanvasGlut\mainMenu.cpp(30,47): warning C4244: 'argument': conversion from 'int' to 'float', possible loss of data
C:\Users\guipp\OneDrive\Área de Trabalho\cg\Demos\trabalhos\trabalho_1\CanvasGlut\mainMenu.cpp(30,42): warning C4244: 'argument': conversion from 'int' to 'float', possible loss of data
C:\Users\guipp\OneDrive\Área de Trabalho\cg\Demos\trabalhos\trabalho_1\CanvasGlut\mainMenu.cpp(31,15): warning C4244: 'initializing': conversion from 'double' to 'float', possible loss of data
C:\Users\guipp\OneDrive\Área de Trabalho\cg\Demos\trabalhos\trabalho_1\CanvasGlut\mainMenu.cpp(33,20): warning C4244: 'initializing': conversion from 'double' to 'float', possible loss of data
C:\Users\guipp\OneDrive\Área de Trabalho\cg\Demos\trabalhos\trabalho_1\CanvasGlut\mainMenu.cpp(36,129): warning C4305: 'initializing': truncation from 'double' to '_Ty'
C:\Users\guipp\OneDrive\Área de Trabalho\cg\Demos\trabalhos\trabalho_1\CanvasGlut\mainMenu.cpp(36,129): warning C4305:         with
C:\Users\guipp\OneDrive\Área de Trabalho\cg\Demos\trabalhos\trabalho_1\CanvasGlut\mainMenu.cpp(36,129): warning C4305:         [
C:\Users\guipp\OneDrive\Área de Trabalho\cg\Demos\trabalhos\trabalho_1\CanvasGlut\mainMenu.cpp(36,129): warning C4305:             _Ty=float
C:\Users\guipp\OneDrive\Área de Trabalho\cg\Demos\trabalhos\trabalho_1\CanvasGlut\mainMenu.cpp(36,129): warning C4305:         ]
C:\Users\guipp\OneDrive\Área de Trabalho\cg\Demos\trabalhos\trabalho_1\CanvasGlut\mainMenu.cpp(36,136): warning C4305: 'initializing': truncation from 'double' to '_Ty'
C:\Users\guipp\OneDrive\Área de Trabalho\cg\Demos\trabalhos\trabalho_1\CanvasGlut\mainMenu.cpp(36,136): warning C4305:         with
C:\Users\guipp\OneDrive\Área de Trabalho\cg\Demos\trabalhos\trabalho_1\CanvasGlut\mainMenu.cpp(36,136): warning C4305:         [
C:\Users\guipp\OneDrive\Área de Trabalho\cg\Demos\trabalhos\trabalho_1\CanvasGlut\mainMenu.cpp(36,136): warning C4305:             _Ty=float
C:\Users\guipp\OneDrive\Área de Trabalho\cg\Demos\trabalhos\trabalho_1\CanvasGlut\mainMenu.cpp(36,136): warning C4305:         ]
C:\Users\guipp\OneDrive\Área de Trabalho\cg\Demos\trabalhos\trabalho_1\CanvasGlut\mainMenu.cpp(36,143): warning C4305: 'initializing': truncation from 'double' to '_Ty'
C:\Users\guipp\OneDrive\Área de Trabalho\cg\Demos\trabalhos\trabalho_1\CanvasGlut\mainMenu.cpp(36,143): warning C4305:         with
C:\Users\guipp\OneDrive\Área de Trabalho\cg\Demos\trabalhos\trabalho_1\CanvasGlut\mainMenu.cpp(36,143): warning C4305:         [
C:\Users\guipp\OneDrive\Área de Trabalho\cg\Demos\trabalhos\trabalho_1\CanvasGlut\mainMenu.cpp(36,143): warning C4305:             _Ty=float
C:\Users\guipp\OneDrive\Área de Trabalho\cg\Demos\trabalhos\trabalho_1\CanvasGlut\mainMenu.cpp(36,143): warning C4305:         ]
C:\Users\guipp\OneDrive\Área de Trabalho\cg\Demos\trabalhos\trabalho_1\CanvasGlut\mainMenu.cpp(39,125): warning C4305: 'initializing': truncation from 'double' to '_Ty'
C:\Users\guipp\OneDrive\Área de Trabalho\cg\Demos\trabalhos\trabalho_1\CanvasGlut\mainMenu.cpp(39,125): warning C4305:         with
C:\Users\guipp\OneDrive\Área de Trabalho\cg\Demos\trabalhos\trabalho_1\CanvasGlut\mainMenu.cpp(39,125): warning C4305:         [
C:\Users\guipp\OneDrive\Área de Trabalho\cg\Demos\trabalhos\trabalho_1\CanvasGlut\mainMenu.cpp(39,125): warning C4305:             _Ty=float
C:\Users\guipp\OneDrive\Área de Trabalho\cg\Demos\trabalhos\trabalho_1\CanvasGlut\mainMenu.cpp(39,125): warning C4305:         ]
C:\Users\guipp\OneDrive\Área de Trabalho\cg\Demos\trabalhos\trabalho_1\CanvasGlut\mainMenu.cpp(39,132): warning C4305: 'initializing': truncation from 'double' to '_Ty'
C:\Users\guipp\OneDrive\Área de Trabalho\cg\Demos\trabalhos\trabalho_1\CanvasGlut\mainMenu.cpp(39,132): warning C4305:         with
C:\Users\guipp\OneDrive\Área de Trabalho\cg\Demos\trabalhos\trabalho_1\CanvasGlut\mainMenu.cpp(39,132): warning C4305:         [
C:\Users\guipp\OneDrive\Área de Trabalho\cg\Demos\trabalhos\trabalho_1\CanvasGlut\mainMenu.cpp(39,132): warning C4305:             _Ty=float
C:\Users\guipp\OneDrive\Área de Trabalho\cg\Demos\trabalhos\trabalho_1\CanvasGlut\mainMenu.cpp(39,132): warning C4305:         ]
C:\Users\guipp\OneDrive\Área de Trabalho\cg\Demos\trabalhos\trabalho_1\CanvasGlut\mainMenu.cpp(39,139): warning C4305: 'initializing': truncation from 'double' to '_Ty'
C:\Users\guipp\OneDrive\Área de Trabalho\cg\Demos\trabalhos\trabalho_1\CanvasGlut\mainMenu.cpp(39,139): warning C4305:         with
C:\Users\guipp\OneDrive\Área de Trabalho\cg\Demos\trabalhos\trabalho_1\CanvasGlut\mainMenu.cpp(39,139): warning C4305:         [
C:\Users\guipp\OneDrive\Área de Trabalho\cg\Demos\trabalhos\trabalho_1\CanvasGlut\mainMenu.cpp(39,139): warning C4305:             _Ty=float
C:\Users\guipp\OneDrive\Área de Trabalho\cg\Demos\trabalhos\trabalho_1\CanvasGlut\mainMenu.cpp(39,139): warning C4305:         ]
C:\Users\guipp\OneDrive\Área de Trabalho\cg\Demos\trabalhos\trabalho_1\CanvasGlut\mainMenu.cpp(42,122): warning C4305: 'initializing': truncation from 'double' to '_Ty'
C:\Users\guipp\OneDrive\Área de Trabalho\cg\Demos\trabalhos\trabalho_1\CanvasGlut\mainMenu.cpp(42,122): warning C4305:         with
C:\Users\guipp\OneDrive\Área de Trabalho\cg\Demos\trabalhos\trabalho_1\CanvasGlut\mainMenu.cpp(42,122): warning C4305:         [
C:\Users\guipp\OneDrive\Área de Trabalho\cg\Demos\trabalhos\trabalho_1\CanvasGlut\mainMenu.cpp(42,122): warning C4305:             _Ty=float
C:\Users\guipp\OneDrive\Área de Trabalho\cg\Demos\trabalhos\trabalho_1\CanvasGlut\mainMenu.cpp(42,122): warning C4305:         ]
C:\Users\guipp\OneDrive\Área de Trabalho\cg\Demos\trabalhos\trabalho_1\CanvasGlut\mainMenu.cpp(42,129): warning C4305: 'initializing': truncation from 'double' to '_Ty'
C:\Users\guipp\OneDrive\Área de Trabalho\cg\Demos\trabalhos\trabalho_1\CanvasGlut\mainMenu.cpp(42,129): warning C4305:         with
C:\Users\guipp\OneDrive\Área de Trabalho\cg\Demos\trabalhos\trabalho_1\CanvasGlut\mainMenu.cpp(42,129): warning C4305:         [
C:\Users\guipp\OneDrive\Área de Trabalho\cg\Demos\trabalhos\trabalho_1\CanvasGlut\mainMenu.cpp(42,129): warning C4305:             _Ty=float
C:\Users\guipp\OneDrive\Área de Trabalho\cg\Demos\trabalhos\trabalho_1\CanvasGlut\mainMenu.cpp(42,129): warning C4305:         ]
C:\Users\guipp\OneDrive\Área de Trabalho\cg\Demos\trabalhos\trabalho_1\CanvasGlut\mainMenu.cpp(42,136): warning C4305: 'initializing': truncation from 'double' to '_Ty'
C:\Users\guipp\OneDrive\Área de Trabalho\cg\Demos\trabalhos\trabalho_1\CanvasGlut\mainMenu.cpp(42,136): warning C4305:         with
C:\Users\guipp\OneDrive\Área de Trabalho\cg\Demos\trabalhos\trabalho_1\CanvasGlut\mainMenu.cpp(42,136): warning C4305:         [
C:\Users\guipp\OneDrive\Área de Trabalho\cg\Demos\trabalhos\trabalho_1\CanvasGlut\mainMenu.cpp(42,136): warning C4305:             _Ty=float
C:\Users\guipp\OneDrive\Área de Trabalho\cg\Demos\trabalhos\trabalho_1\CanvasGlut\mainMenu.cpp(42,136): warning C4305:         ]
C:\Users\guipp\OneDrive\Área de Trabalho\cg\Demos\trabalhos\trabalho_1\CanvasGlut\mainMenu.cpp(46,109): warning C4305: 'initializing': truncation from 'double' to '_Ty'
C:\Users\guipp\OneDrive\Área de Trabalho\cg\Demos\trabalhos\trabalho_1\CanvasGlut\mainMenu.cpp(46,109): warning C4305:         with
C:\Users\guipp\OneDrive\Área de Trabalho\cg\Demos\trabalhos\trabalho_1\CanvasGlut\mainMenu.cpp(46,109): warning C4305:         [
C:\Users\guipp\OneDrive\Área de Trabalho\cg\Demos\trabalhos\trabalho_1\CanvasGlut\mainMenu.cpp(46,109): warning C4305:             _Ty=float
C:\Users\guipp\OneDrive\Área de Trabalho\cg\Demos\trabalhos\trabalho_1\CanvasGlut\mainMenu.cpp(46,109): warning C4305:         ]
C:\Users\guipp\OneDrive\Área de Trabalho\cg\Demos\trabalhos\trabalho_1\CanvasGlut\mainMenu.cpp(46,116): warning C4305: 'initializing': truncation from 'double' to '_Ty'
C:\Users\guipp\OneDrive\Área de Trabalho\cg\Demos\trabalhos\trabalho_1\CanvasGlut\mainMenu.cpp(46,116): warning C4305:         with
C:\Users\guipp\OneDrive\Área de Trabalho\cg\Demos\trabalhos\trabalho_1\CanvasGlut\mainMenu.cpp(46,116): warning C4305:         [
C:\Users\guipp\OneDrive\Área de Trabalho\cg\Demos\trabalhos\trabalho_1\CanvasGlut\mainMenu.cpp(46,116): warning C4305:             _Ty=float
C:\Users\guipp\OneDrive\Área de Trabalho\cg\Demos\trabalhos\trabalho_1\CanvasGlut\mainMenu.cpp(46,116): warning C4305:         ]
C:\Users\guipp\OneDrive\Área de Trabalho\cg\Demos\trabalhos\trabalho_1\CanvasGlut\mainMenu.cpp(46,123): warning C4305: 'initializing': truncation from 'double' to '_Ty'
C:\Users\guipp\OneDrive\Área de Trabalho\cg\Demos\trabalhos\trabalho_1\CanvasGlut\mainMenu.cpp(46,123): warning C4305:         with
C:\Users\guipp\OneDrive\Área de Trabalho\cg\Demos\trabalhos\trabalho_1\CanvasGlut\mainMenu.cpp(46,123): warning C4305:         [
C:\Users\guipp\OneDrive\Área de Trabalho\cg\Demos\trabalhos\trabalho_1\CanvasGlut\mainMenu.cpp(46,123): warning C4305:             _Ty=float
C:\Users\guipp\OneDrive\Área de Trabalho\cg\Demos\trabalhos\trabalho_1\CanvasGlut\mainMenu.cpp(46,123): warning C4305:         ]
C:\Users\guipp\OneDrive\Área de Trabalho\cg\Demos\trabalhos\trabalho_1\CanvasGlut\mainMenu.cpp(50,143): warning C4305: 'initializing': truncation from 'double' to '_Ty'
C:\Users\guipp\OneDrive\Área de Trabalho\cg\Demos\trabalhos\trabalho_1\CanvasGlut\mainMenu.cpp(50,143): warning C4305:         with
C:\Users\guipp\OneDrive\Área de Trabalho\cg\Demos\trabalhos\trabalho_1\CanvasGlut\mainMenu.cpp(50,143): warning C4305:         [
C:\Users\guipp\OneDrive\Área de Trabalho\cg\Demos\trabalhos\trabalho_1\CanvasGlut\mainMenu.cpp(50,143): warning C4305:             _Ty=float
C:\Users\guipp\OneDrive\Área de Trabalho\cg\Demos\trabalhos\trabalho_1\CanvasGlut\mainMenu.cpp(50,143): warning C4305:         ]
C:\Users\guipp\OneDrive\Área de Trabalho\cg\Demos\trabalhos\trabalho_1\CanvasGlut\mainMenu.cpp(50,150): warning C4305: 'initializing': truncation from 'double' to '_Ty'
C:\Users\guipp\OneDrive\Área de Trabalho\cg\Demos\trabalhos\trabalho_1\CanvasGlut\mainMenu.cpp(50,150): warning C4305:         with
C:\Users\guipp\OneDrive\Área de Trabalho\cg\Demos\trabalhos\trabalho_1\CanvasGlut\mainMenu.cpp(50,150): warning C4305:         [
C:\Users\guipp\OneDrive\Área de Trabalho\cg\Demos\trabalhos\trabalho_1\CanvasGlut\mainMenu.cpp(50,150): warning C4305:             _Ty=float
C:\Users\guipp\OneDrive\Área de Trabalho\cg\Demos\trabalhos\trabalho_1\CanvasGlut\mainMenu.cpp(50,150): warning C4305:         ]
C:\Users\guipp\OneDrive\Área de Trabalho\cg\Demos\trabalhos\trabalho_1\CanvasGlut\mainMenu.cpp(50,157): warning C4305: 'initializing': truncation from 'double' to '_Ty'
C:\Users\guipp\OneDrive\Área de Trabalho\cg\Demos\trabalhos\trabalho_1\CanvasGlut\mainMenu.cpp(50,157): warning C4305:         with
C:\Users\guipp\OneDrive\Área de Trabalho\cg\Demos\trabalhos\trabalho_1\CanvasGlut\mainMenu.cpp(50,157): warning C4305:         [
C:\Users\guipp\OneDrive\Área de Trabalho\cg\Demos\trabalhos\trabalho_1\CanvasGlut\mainMenu.cpp(50,157): warning C4305:             _Ty=float
C:\Users\guipp\OneDrive\Área de Trabalho\cg\Demos\trabalhos\trabalho_1\CanvasGlut\mainMenu.cpp(50,157): warning C4305:         ]
C:\Users\guipp\OneDrive\Área de Trabalho\cg\Demos\trabalhos\trabalho_1\CanvasGlut\mainMenu.cpp(64,16): warning C4244: 'initializing': conversion from 'int' to 'float', possible loss of data
  GLut.vcxproj -> C:\Users\guipp\OneDrive\Área de Trabalho\cg\Demos\trabalhos\__bin\CanvasGlut.exe
          1 file(s) copied.
